C:\REZSTRAFES\REZSTRAFE_CPP_CS_WORKING\REZSTRAFE_CPP-V9.0-MASTER\SRC\REZSTRAFE-CPP\DEBUG\OPTIONS.OBJ
C:\REZSTRAFES\REZSTRAFE_CPP_CS_WORKING\REZSTRAFE_CPP-V9.0-MASTER\SRC\REZSTRAFE-CPP\DEBUG\MAIN.OBJ
C:\REZSTRAFES\REZSTRAFE_CPP_CS_WORKING\REZSTRAFE_CPP-V9.0-MASTER\SRC\REZSTRAFE-CPP\DEBUG\VC110.PDB
C:\REZSTRAFES\REZSTRAFE_CPP_CS_WORKING\REZSTRAFE_CPP-V9.0-MASTER\SRC\DEBUG\REZSTRAFE-CPP.ILK
C:\REZSTRAFES\REZSTRAFE_CPP_CS_WORKING\REZSTRAFE_CPP-V9.0-MASTER\SRC\DEBUG\REZSTRAFE-CPP.EXE
C:\REZSTRAFES\REZSTRAFE_CPP_CS_WORKING\REZSTRAFE_CPP-V9.0-MASTER\SRC\DEBUG\REZSTRAFE-CPP.PDB
C:\REZSTRAFES\REZSTRAFE_CPP_CS_WORKING\REZSTRAFE_CPP-V9.0-MASTER\SRC\REZSTRAFE-CPP\DEBUG\RESOURCE.RES
䍞尺敲獺牴晡獥牜穥瑳慲敦损灰损彳潷歲湩屧敒卺牴晡彥灣⵰㥶〮洭獡整屲牳屣敒卺牴晡ⵥ灣屰敒卺牴晡ⵥ灣⹰捶灸潲൪䌊尺敲獺牴晡獥牜穥瑳慲敦损灰损彳潷歲湩屧敒卺牴晡彥灣⵰㥶〮洭獡整屲牳屣敒卺牴晡ⵥ灣屰敄畢屧敒卺牴晡捥灰洮楡⹮敲潳牵散൳䌊尺敲獺牴晡獥牜穥瑳慲敦损灰损彳潷歲湩屧敒卺牴晡彥灣⵰㥶〮洭獡整屲牳屣敒卺牴晡ⵥ灣屰敄畢屧敒卺牴晡捥灰漮瑰潩獮爮獥畯捲獥਍䍞尺敲獺牴晡獥牜穥瑳慲敦损灰损彳潷歲湩屧敒卺牴晡彥灣⵰㥶〮洭獡整屲牳屣敒卺牴晡ⵥ灣屰敒卺牴晡ⵥ灣⹰捶灸潲൪䌊尺敲獺牴晡獥牜穥瑳慲敦损灰损彳潷歲湩屧敒卺牴晡彥灣⵰㥶〮洭獡整屲牳屣敒卺牴晡ⵥ灣屰敄畢屧敒卺牴晡捥灰洮楡⹮敲潳牵散൳䌊尺敲獺牴晡獥牜穥瑳慲敦损灰损彳潷歲湩屧敒卺牴晡彥灣⵰㥶〮洭獡整屲牳屣敒卺牴晡ⵥ灣屰敄畢屧敒卺牴晡捥灰漮瑰潩獮爮獥畯捲獥਍䍞尺敲獺牴晡獥牜穥瑳慲敦损灰损彳潷歲湩屧敒卺牴晡彥灣⵰㥶〮洭獡整屲牳屣敒卺牴晡ⵥ灣屰敒卺牴晡ⵥ灣⹰捶灸潲൪䌊尺敲獺牴晡獥牜穥瑳慲敦损灰损彳潷歲湩屧敒卺牴晡彥灣⵰㥶〮洭獡整屲牳屣敒卺牴晡ⵥ灣屰敄畢屧敒卺牴晡捥灰洮楡⹮敲潳牵散൳䌊尺敲獺牴晡獥牜穥瑳慲敦损灰损彳潷歲湩屧敒卺牴晡彥灣⵰㥶〮洭獡整屲牳屣敒卺牴晡ⵥ灣屰敄畢屧敒卺牴晡捥灰漮瑰潩獮爮獥畯捲獥਍䍞尺敲獺牴晡獥牜穥瑳慲敦损灰损彳潷歲湩屧敒卺牴晡彥灣⵰㥶〮洭獡整屲牳屣敒卺牴晡ⵥ灣屰敒卺牴晡ⵥ灣⹰捶灸潲൪䌊尺敲獺牴晡獥牜穥瑳慲敦损灰损彳潷歲湩屧敒卺牴晡彥灣⵰㥶〮洭獡整屲牳屣敒卺牴晡ⵥ灣屰敄畢屧敒卺牴晡捥灰洮楡⹮敲潳牵散൳䌊尺敲獺牴晡獥牜穥瑳慲敦损灰损彳潷歲湩屧敒卺牴晡彥灣⵰㥶〮洭獡整屲牳屣敒卺牴晡ⵥ灣屰敄畢屧敒卺牴晡捥灰漮瑰潩獮爮獥畯捲獥਍䍞尺敲獺牴晡獥牜穥瑳慲敦损灰损彳潷歲湩屧敒卺牴晡彥灣⵰㥶〮洭獡整屲牳屣敒卺牴晡ⵥ灣屰敒卺牴晡ⵥ灣⹰捶灸潲൪䌊尺敲獺牴晡獥牜穥瑳慲敦损灰损彳潷歲湩屧敒卺牴晡彥灣⵰㥶〮洭獡整屲牳屣敒卺牴晡ⵥ灣屰敄畢屧敒卺牴晡捥灰洮楡⹮敲潳牵散൳䌊尺敲獺牴晡獥牜穥瑳慲敦损灰损彳潷歲湩屧敒卺牴晡彥灣⵰㥶〮洭獡整屲牳屣敒卺牴晡ⵥ灣屰敄畢屧敒卺牴晡捥灰漮瑰潩獮爮獥畯捲獥਍䍞尺敲獺牴晡獥牜穥瑳慲敦损灰损彳潷歲湩屧敒卺牴晡彥灣⵰㥶〮洭獡整屲牳屣敒卺牴晡ⵥ灣屰敒卺牴晡ⵥ灣⹰捶灸潲൪䌊尺敲獺牴晡獥牜穥瑳慲敦损灰损彳潷歲湩屧敒卺牴晡彥灣⵰㥶〮洭獡整屲牳屣敒卺牴晡ⵥ灣屰敄畢屧敒卺牴晡捥灰洮楡⹮敲潳牵散൳䌊尺敲獺牴晡獥牜穥瑳慲敦损灰损彳潷歲湩屧敒卺牴晡彥灣⵰㥶〮洭獡整屲牳屣敒卺牴晡ⵥ灣屰敄畢屧敒卺牴晡捥灰漮瑰潩獮爮獥畯捲獥਍䍞尺敲獺牴晡獥牜穥瑳慲敦损灰损彳潷歲湩屧敒卺牴晡彥灣⵰㥶〮洭獡整屲牳屣敒卺牴晡ⵥ灣屰敒卺牴晡ⵥ灣⹰捶灸潲൪䌊尺敲獺牴晡獥牜穥瑳慲敦损灰损彳潷歲湩屧敒卺牴晡彥灣⵰㥶〮洭獡整屲牳屣敒卺牴晡ⵥ灣屰敄畢屧敒卺牴晡捥灰洮楡⹮敲潳牵散൳䌊尺敲獺牴晡獥牜穥瑳慲敦损灰损彳潷歲湩屧敒卺牴晡彥灣⵰㥶〮洭獡整屲牳屣敒卺牴晡ⵥ灣屰敄畢屧敒卺牴晡捥灰漮瑰潩獮爮獥畯捲獥਍䍞尺敲獺牴晡獥牜穥瑳慲敦损灰损彳潷歲湩屧敒卺牴晡彥灣⵰㥶〮洭獡整屲牳屣敒卺牴晡ⵥ灣屰敒卺牴晡ⵥ灣⹰捶灸潲൪䌊尺敲獺牴晡獥牜穥瑳慲敦损灰损彳潷歲湩屧敒卺牴晡彥灣⵰㥶〮洭獡整屲牳屣敒卺牴晡ⵥ灣屰敄畢屧敒卺牴晡捥灰洮楡⹮敲潳牵散൳䌊尺敲獺牴晡獥牜穥瑳慲敦损灰损彳潷歲湩屧敒卺牴晡彥灣⵰㥶〮洭獡整屲牳屣敒卺牴晡ⵥ灣屰敄畢屧敒卺牴晡捥灰漮瑰潩獮爮獥畯捲獥਍䍞尺敲獺牴晡獥牜穥瑳慲敦损灰损彳潷歲湩屧敒卺牴晡彥灣⵰㥶〮洭獡整屲牳屣敒卺牴晡ⵥ灣屰敒卺牴晡ⵥ灣⹰捶灸潲൪䌊尺敲獺牴晡獥牜穥瑳慲敦损灰损彳潷歲湩屧敒卺牴晡彥灣⵰㥶〮洭獡整屲牳屣敒卺牴晡ⵥ灣屰敄畢屧敒卺牴晡捥灰洮楡⹮敲潳牵散൳䌊尺敲獺牴晡獥牜穥瑳慲敦损灰损彳潷歲湩屧敒卺牴晡彥灣⵰㥶〮洭獡整屲牳屣敒卺牴晡ⵥ灣屰敄畢屧敒卺牴晡捥灰漮瑰潩獮爮獥畯捲獥਍䍞尺敲獺牴晡獥牜穥瑳慲敦损灰损彳潷歲湩屧敒卺牴晡彥灣⵰㥶〮洭獡整屲牳屣敒卺牴晡ⵥ灣屰敒卺牴晡ⵥ灣⹰捶灸潲൪䌊尺敲獺牴晡獥牜穥瑳慲敦损灰损彳潷歲湩屧敒卺牴晡彥灣⵰㥶〮洭獡整屲牳屣敒卺牴晡ⵥ灣屰敄畢屧敒卺牴晡捥灰洮楡⹮敲潳牵散൳䌊尺敲獺牴晡獥牜穥瑳慲敦损灰损彳潷歲湩屧敒卺牴晡彥灣⵰㥶〮洭獡整屲牳屣敒卺牴晡ⵥ灣屰敄畢屧敒卺牴晡捥灰漮瑰潩獮爮獥畯捲獥਍䍞尺敲獺牴晡獥牜穥瑳慲敦损灰损彳潷歲湩屧敒卺牴晡彥灣⵰㥶〮洭獡整屲牳屣敒卺牴晡ⵥ灣屰敒卺牴晡ⵥ灣⹰捶灸潲൪䌊尺敲獺牴晡獥牜穥瑳慲敦损灰损彳潷歲湩屧敒卺牴晡彥灣⵰㥶〮洭獡整屲牳屣敒卺牴晡ⵥ灣屰敄畢屧敒卺牴晡捥灰洮楡⹮敲潳牵散൳䌊尺敲獺牴晡獥牜穥瑳慲敦损灰损彳潷歲湩屧敒卺牴晡彥灣⵰㥶〮洭獡整屲牳屣敒卺牴晡ⵥ灣屰敄畢屧敒卺牴晡捥灰漮瑰潩獮爮獥畯捲獥਍䍞尺敲獺牴晡獥牜穥瑳慲敦损灰损彳潷歲湩屧敒卺牴晡彥灣⵰㥶〮洭獡整屲牳屣敒卺牴晡ⵥ灣屰敒卺牴晡ⵥ灣⹰捶灸潲൪䌊尺敲獺牴晡獥牜穥瑳慲敦损灰损彳潷歲湩屧敒卺牴晡彥灣⵰㥶〮洭獡整屲牳屣敒卺牴晡ⵥ灣屰敄畢屧敒卺牴晡捥灰洮楡⹮敲潳牵散൳䌊尺敲獺牴晡獥牜穥瑳慲敦损灰损彳潷歲湩屧敒卺牴晡彥灣⵰㥶〮洭獡整屲牳屣敒卺牴晡ⵥ灣屰敄畢屧敒卺牴晡捥灰漮瑰潩獮爮獥畯捲獥਍䍞尺敲獺牴晡獥牜穥瑳慲敦损灰损彳潷歲湩屧敒卺牴晡彥灣⵰㥶〮洭獡整屲牳屣敒卺牴晡ⵥ灣屰敒卺牴晡ⵥ灣⹰捶灸潲൪䌊尺敲獺牴晡獥牜穥瑳慲敦损灰损彳潷歲湩屧敒卺牴晡彥灣⵰㥶〮洭獡整屲牳屣敒卺牴晡ⵥ灣屰敄畢屧敒卺牴晡捥灰洮楡⹮敲潳牵散൳䌊尺敲獺牴晡獥牜穥瑳慲敦损灰损彳潷歲湩屧敒卺牴晡彥灣⵰㥶〮洭獡整屲牳屣敒卺牴晡ⵥ灣屰敄畢屧敒卺牴晡捥灰漮瑰潩獮爮獥畯捲獥਍䍞尺敲獺牴晡獥牜穥瑳慲敦损灰损彳潷歲湩屧敒卺牴晡彥灣⵰㥶〮洭獡整屲牳屣敒卺牴晡ⵥ灣屰敒卺牴晡ⵥ灣⹰捶灸潲൪䌊尺敲獺牴晡獥牜穥瑳慲敦损灰损彳潷歲湩屧敒卺牴晡彥灣⵰㥶〮洭獡整屲牳屣敒卺牴晡ⵥ灣屰敄畢屧敒卺牴晡捥灰洮楡⹮敲潳牵散൳䌊尺敲獺牴晡獥牜穥瑳慲敦损灰损彳潷歲湩屧敒卺牴晡彥灣⵰㥶〮洭獡整屲牳屣敒卺牴晡ⵥ灣屰敄畢屧敒卺牴晡捥灰漮瑰潩獮爮獥畯捲獥਍䍞尺敲獺牴晡獥牜穥瑳慲敦损灰损彳潷歲湩屧敒卺牴晡彥灣⵰㥶〮洭獡整屲牳屣敒卺牴晡ⵥ灣屰敒卺牴晡ⵥ灣⹰捶灸潲൪䌊尺敲獺牴晡獥牜穥瑳慲敦损灰损彳潷歲湩屧敒卺牴晡彥灣⵰㥶〮洭獡整屲牳屣敒卺牴晡ⵥ灣屰敄畢屧敒卺牴晡捥灰洮楡⹮敲潳牵散൳䌊尺敲獺牴晡獥牜穥瑳慲敦损灰损彳潷歲湩屧敒卺牴晡彥灣⵰㥶〮洭獡整屲牳屣敒卺牴晡ⵥ灣屰敄畢屧敒卺牴晡捥灰漮瑰潩獮爮獥畯捲獥਍䍞尺敲獺牴晡獥牜穥瑳慲敦损灰损彳潷歲湩屧敒卺牴晡彥灣⵰㥶〮洭獡整屲牳屣敒卺牴晡ⵥ灣屰敒卺牴晡ⵥ灣⹰捶灸潲൪䌊尺敲獺牴晡獥牜穥瑳慲敦损灰损彳潷歲湩屧敒卺牴晡彥灣⵰㥶〮洭獡整屲牳屣敒卺牴晡ⵥ灣屰敄畢屧敒卺牴晡捥灰洮楡⹮敲潳牵散൳䌊尺敲獺牴晡獥牜穥瑳慲敦损灰损彳潷歲湩屧敒卺牴晡彥灣⵰㥶〮洭獡整屲牳屣敒卺牴晡ⵥ灣屰敄畢屧敒卺牴晡捥灰漮瑰潩獮爮獥畯捲獥਍䍞尺敲獺牴晡獥牜穥瑳慲敦损灰损彳潷歲湩屧敒卺牴晡彥灣⵰㥶〮洭獡整屲牳屣敒卺牴晡ⵥ灣屰敒卺牴晡ⵥ灣⹰捶灸潲൪䌊尺敲獺牴晡獥牜穥瑳慲敦损灰损彳潷歲湩屧敒卺牴晡彥灣⵰㥶〮洭獡整屲牳屣敒卺牴晡ⵥ灣屰敄畢屧敒卺牴晡捥灰洮楡⹮敲潳牵散൳䌊尺敲獺牴晡獥牜穥瑳慲敦损灰损彳潷歲湩屧敒卺牴晡彥灣⵰㥶〮洭獡整屲牳屣敒卺牴晡ⵥ灣屰敄畢屧敒卺牴晡捥灰漮瑰潩獮爮獥畯捲獥਍䍞尺敲獺牴晡獥牜穥瑳慲敦损灰损彳潷歲湩屧敒卺牴晡彥灣⵰㥶〮洭獡整屲牳屣敒卺牴晡ⵥ灣屰敒卺牴晡ⵥ灣⹰捶灸潲൪䌊尺敲獺牴晡獥牜穥瑳慲敦损灰损彳潷歲湩屧敒卺牴晡彥灣⵰㥶〮洭獡整屲牳屣敒卺牴晡ⵥ灣屰敄畢屧敒卺牴晡捥灰洮楡⹮敲潳牵散൳䌊尺敲獺牴晡獥牜穥瑳慲敦损灰损彳潷歲湩屧敒卺牴晡彥灣⵰㥶〮洭獡整屲牳屣敒卺牴晡ⵥ灣屰敄畢屧敒卺牴晡捥灰漮瑰潩獮爮獥畯捲獥਍䍞尺敲獺牴晡獥牜穥瑳慲敦损灰损彳潷歲湩屧敒卺牴晡彥灣⵰㥶〮洭獡整屲牳屣敒卺牴晡ⵥ灣屰敒卺牴晡ⵥ灣⹰捶灸潲൪䌊尺敲獺牴晡獥牜穥瑳慲敦损灰损彳潷歲湩屧敒卺牴晡彥灣⵰㥶〮洭獡整屲牳屣敒卺牴晡ⵥ灣屰敄畢屧敒卺牴晡捥灰洮楡⹮敲潳牵散൳䌊尺敲獺牴晡獥牜穥瑳慲敦损灰损彳潷歲湩屧敒卺牴晡彥灣⵰㥶〮洭獡整屲牳屣敒卺牴晡ⵥ灣屰敄畢屧敒卺牴晡捥灰漮瑰潩獮爮獥畯捲獥਍䍞尺敲獺牴晡獥牜穥瑳慲敦损灰损彳潷歲湩屧敒卺牴晡彥灣⵰㥶〮洭獡整屲牳屣敒卺牴晡ⵥ灣屰敒卺牴晡ⵥ灣⹰捶灸潲൪䌊尺敲獺牴晡獥牜穥瑳慲敦损灰损彳潷歲湩屧敒卺牴晡彥灣⵰㥶〮洭獡整屲牳屣敒卺牴晡ⵥ灣屰敄畢屧敒卺牴晡捥灰洮楡⹮敲潳牵散൳䌊尺敲獺牴晡獥牜穥瑳慲敦损灰损彳潷歲湩屧敒卺牴晡彥灣⵰㥶〮洭獡整屲牳屣敒卺牴晡ⵥ灣屰敄畢屧敒卺牴晡捥灰漮瑰潩獮爮獥畯捲獥਍䍞尺敲獺牴晡獥牜穥瑳慲敦损灰损彳潷歲湩屧敒卺牴晡彥灣⵰㥶〮洭獡整屲牳屣敒卺牴晡ⵥ灣屰敒卺牴晡ⵥ灣⹰捶灸潲൪䌊尺敲獺牴晡獥牜穥瑳慲敦损灰损彳潷歲湩屧敒卺牴晡彥灣⵰㥶〮洭獡整屲牳屣敒卺牴晡ⵥ灣屰敄畢屧敒卺牴晡捥灰洮楡⹮敲潳牵散൳䌊尺敲獺牴晡獥牜穥瑳慲敦损灰损彳潷歲湩屧敒卺牴晡彥灣⵰㥶〮洭獡整屲牳屣敒卺牴晡ⵥ灣屰敄畢屧敒卺牴晡捥灰漮瑰潩獮爮獥畯捲獥਍䍞尺敲獺牴晡獥牜穥瑳慲敦损灰损彳潷歲湩屧敒卺牴晡彥灣⵰㥶〮洭獡整屲牳屣敒卺牴晡ⵥ灣屰敒卺牴晡ⵥ灣⹰捶灸潲൪䌊尺敲獺牴晡獥牜穥瑳慲敦损灰损彳潷歲湩屧敒卺牴晡彥灣⵰㥶〮洭獡整屲牳屣敒卺牴晡ⵥ灣屰敄畢屧敒卺牴晡捥灰洮楡⹮敲潳牵散൳䌊尺敲獺牴晡獥牜穥瑳慲敦损灰损彳潷歲湩屧敒卺牴晡彥灣⵰㥶〮洭獡整屲牳屣敒卺牴晡ⵥ灣屰敄畢屧敒卺牴晡捥灰漮瑰潩獮爮獥畯捲獥਍䍞尺敲獺牴晡獥牜穥瑳慲敦损灰损彳潷歲湩屧敒卺牴晡彥灣⵰㥶〮洭獡整屲牳屣敒卺牴晡ⵥ灣屰敒卺牴晡ⵥ灣⹰捶灸潲൪䌊尺敲獺牴晡獥牜穥瑳慲敦损灰损彳潷歲湩屧敒卺牴晡彥灣⵰㥶〮洭獡整屲牳屣敒卺牴晡ⵥ灣屰敄畢屧敒卺牴晡捥灰洮楡⹮敲潳牵散൳䌊尺敲獺牴晡獥牜穥瑳慲敦损灰损彳潷歲湩屧敒卺牴晡彥灣⵰㥶〮洭獡整屲牳屣敒卺牴晡ⵥ灣屰敄畢屧敒卺牴晡捥灰漮瑰潩獮爮獥畯捲獥਍䍞尺敲獺牴晡獥牜穥瑳慲敦损灰损彳潷歲湩屧敒卺牴晡彥灣⵰㥶〮洭獡整屲牳屣敒卺牴晡ⵥ灣屰敒卺牴晡ⵥ灣⹰捶灸潲൪䌊尺敲獺牴晡獥牜穥瑳慲敦损灰损彳潷歲湩屧敒卺牴晡彥灣⵰㥶〮洭獡整屲牳屣敒卺牴晡ⵥ灣屰敄畢屧敒卺牴晡捥灰洮楡⹮敲潳牵散൳䌊尺敲獺牴晡獥牜穥瑳慲敦损灰损彳潷歲湩屧敒卺牴晡彥灣⵰㥶〮洭獡整屲牳屣敒卺牴晡ⵥ灣屰敄畢屧敒卺牴晡捥灰漮瑰潩獮爮獥畯捲獥਍
C:\rezstrafes\rezstrafe_cpp_cs_working\RezStrafe_cpp-v9.0-master\src\RezStrafe-cpp\Debug\RezStrafe-cpp.vcxproj.GenerateResource.Cache
C:\rezstrafes\rezstrafe_cpp_cs_working\RezStrafe_cpp-v9.0-master\src\RezStrafe-cpp\Debug\RezStrafe-cpp.vcxprojResolveAssemblyReference.cache
C:\rezstrafes\rezstrafe_cpp_cs_working\RezStrafe_cpp-v9.0-master\src\RezStrafe-cpp\Debug\main.obj
C:\rezstrafes\rezstrafe_cpp_cs_working\RezStrafe_cpp-v9.0-master\src\RezStrafe-cpp\Debug\options.obj
C:\rezstrafes\rezstrafe_cpp_cs_working\RezStrafe_cpp-v9.0-master\src\RezStrafe-cpp\Debug\RezStrafecpp.main.resources
C:\rezstrafes\rezstrafe_cpp_cs_working\RezStrafe_cpp-v9.0-master\src\RezStrafe-cpp\Debug\RezStrafecpp.options.resources
C:\rezstrafes\rezstrafe_cpp_cs_working\RezStrafe_cpp-v9.0-master\src\RezStrafe-cpp\Debug\cl.command.1.tlog
C:\rezstrafes\rezstrafe_cpp_cs_working\RezStrafe_cpp-v9.0-master\src\RezStrafe-cpp\Debug\CL.read.1.tlog
C:\rezstrafes\rezstrafe_cpp_cs_working\RezStrafe_cpp-v9.0-master\src\RezStrafe-cpp\Debug\CL.write.1.tlog
C:\rezstrafes\rezstrafe_cpp_cs_working\RezStrafe_cpp-v9.0-master\src\RezStrafe-cpp\Debug\link.1208-cvtres.read.1.tlog
C:\rezstrafes\rezstrafe_cpp_cs_working\RezStrafe_cpp-v9.0-master\src\RezStrafe-cpp\Debug\link.1208-cvtres.write.1.tlog
C:\rezstrafes\rezstrafe_cpp_cs_working\RezStrafe_cpp-v9.0-master\src\RezStrafe-cpp\Debug\link.1208-rc.read.1.tlog
C:\rezstrafes\rezstrafe_cpp_cs_working\RezStrafe_cpp-v9.0-master\src\RezStrafe-cpp\Debug\link.1208-rc.write.1.tlog
C:\rezstrafes\rezstrafe_cpp_cs_working\RezStrafe_cpp-v9.0-master\src\RezStrafe-cpp\Debug\link.1208.read.1.tlog
C:\rezstrafes\rezstrafe_cpp_cs_working\RezStrafe_cpp-v9.0-master\src\RezStrafe-cpp\Debug\link.1208.write.1.tlog
C:\rezstrafes\rezstrafe_cpp_cs_working\RezStrafe_cpp-v9.0-master\src\RezStrafe-cpp\Debug\link.1332-cvtres.read.1.tlog
C:\rezstrafes\rezstrafe_cpp_cs_working\RezStrafe_cpp-v9.0-master\src\RezStrafe-cpp\Debug\link.1332-cvtres.write.1.tlog
C:\rezstrafes\rezstrafe_cpp_cs_working\RezStrafe_cpp-v9.0-master\src\RezStrafe-cpp\Debug\link.1332-rc.read.1.tlog
C:\rezstrafes\rezstrafe_cpp_cs_working\RezStrafe_cpp-v9.0-master\src\RezStrafe-cpp\Debug\link.1332-rc.write.1.tlog
C:\rezstrafes\rezstrafe_cpp_cs_working\RezStrafe_cpp-v9.0-master\src\RezStrafe-cpp\Debug\link.1332.read.1.tlog
C:\rezstrafes\rezstrafe_cpp_cs_working\RezStrafe_cpp-v9.0-master\src\RezStrafe-cpp\Debug\link.1332.write.1.tlog
C:\rezstrafes\rezstrafe_cpp_cs_working\RezStrafe_cpp-v9.0-master\src\RezStrafe-cpp\Debug\link.2040-cvtres.read.1.tlog
C:\rezstrafes\rezstrafe_cpp_cs_working\RezStrafe_cpp-v9.0-master\src\RezStrafe-cpp\Debug\link.2040-cvtres.write.1.tlog
C:\rezstrafes\rezstrafe_cpp_cs_working\RezStrafe_cpp-v9.0-master\src\RezStrafe-cpp\Debug\link.2040-rc.read.1.tlog
C:\rezstrafes\rezstrafe_cpp_cs_working\RezStrafe_cpp-v9.0-master\src\RezStrafe-cpp\Debug\link.2040-rc.write.1.tlog
C:\rezstrafes\rezstrafe_cpp_cs_working\RezStrafe_cpp-v9.0-master\src\RezStrafe-cpp\Debug\link.2040.read.1.tlog
C:\rezstrafes\rezstrafe_cpp_cs_working\RezStrafe_cpp-v9.0-master\src\RezStrafe-cpp\Debug\link.2040.write.1.tlog
C:\rezstrafes\rezstrafe_cpp_cs_working\RezStrafe_cpp-v9.0-master\src\RezStrafe-cpp\Debug\link.2144-cvtres.read.1.tlog
C:\rezstrafes\rezstrafe_cpp_cs_working\RezStrafe_cpp-v9.0-master\src\RezStrafe-cpp\Debug\link.2144-cvtres.write.1.tlog
C:\rezstrafes\rezstrafe_cpp_cs_working\RezStrafe_cpp-v9.0-master\src\RezStrafe-cpp\Debug\link.2144-rc.read.1.tlog
C:\rezstrafes\rezstrafe_cpp_cs_working\RezStrafe_cpp-v9.0-master\src\RezStrafe-cpp\Debug\link.2144-rc.write.1.tlog
C:\rezstrafes\rezstrafe_cpp_cs_working\RezStrafe_cpp-v9.0-master\src\RezStrafe-cpp\Debug\link.2144.read.1.tlog
C:\rezstrafes\rezstrafe_cpp_cs_working\RezStrafe_cpp-v9.0-master\src\RezStrafe-cpp\Debug\link.2144.write.1.tlog
C:\rezstrafes\rezstrafe_cpp_cs_working\RezStrafe_cpp-v9.0-master\src\RezStrafe-cpp\Debug\link.2316-cvtres.read.1.tlog
C:\rezstrafes\rezstrafe_cpp_cs_working\RezStrafe_cpp-v9.0-master\src\RezStrafe-cpp\Debug\link.2316-cvtres.write.1.tlog
C:\rezstrafes\rezstrafe_cpp_cs_working\RezStrafe_cpp-v9.0-master\src\RezStrafe-cpp\Debug\link.2316-rc.read.1.tlog
C:\rezstrafes\rezstrafe_cpp_cs_working\RezStrafe_cpp-v9.0-master\src\RezStrafe-cpp\Debug\link.2316-rc.write.1.tlog
C:\rezstrafes\rezstrafe_cpp_cs_working\RezStrafe_cpp-v9.0-master\src\RezStrafe-cpp\Debug\link.2316.read.1.tlog
C:\rezstrafes\rezstrafe_cpp_cs_working\RezStrafe_cpp-v9.0-master\src\RezStrafe-cpp\Debug\link.2316.write.1.tlog
C:\rezstrafes\rezstrafe_cpp_cs_working\RezStrafe_cpp-v9.0-master\src\RezStrafe-cpp\Debug\link.2500-cvtres.read.1.tlog
C:\rezstrafes\rezstrafe_cpp_cs_working\RezStrafe_cpp-v9.0-master\src\RezStrafe-cpp\Debug\link.2500-cvtres.write.1.tlog
C:\rezstrafes\rezstrafe_cpp_cs_working\RezStrafe_cpp-v9.0-master\src\RezStrafe-cpp\Debug\link.2500-rc.read.1.tlog
C:\rezstrafes\rezstrafe_cpp_cs_working\RezStrafe_cpp-v9.0-master\src\RezStrafe-cpp\Debug\link.2500-rc.write.1.tlog
C:\rezstrafes\rezstrafe_cpp_cs_working\RezStrafe_cpp-v9.0-master\src\RezStrafe-cpp\Debug\link.2500.read.1.tlog
C:\rezstrafes\rezstrafe_cpp_cs_working\RezStrafe_cpp-v9.0-master\src\RezStrafe-cpp\Debug\link.2500.write.1.tlog
C:\rezstrafes\rezstrafe_cpp_cs_working\RezStrafe_cpp-v9.0-master\src\RezStrafe-cpp\Debug\link.2592-cvtres.read.1.tlog
C:\rezstrafes\rezstrafe_cpp_cs_working\RezStrafe_cpp-v9.0-master\src\RezStrafe-cpp\Debug\link.2592-cvtres.write.1.tlog
C:\rezstrafes\rezstrafe_cpp_cs_working\RezStrafe_cpp-v9.0-master\src\RezStrafe-cpp\Debug\link.2592-rc.read.1.tlog
C:\rezstrafes\rezstrafe_cpp_cs_working\RezStrafe_cpp-v9.0-master\src\RezStrafe-cpp\Debug\link.2592-rc.write.1.tlog
C:\rezstrafes\rezstrafe_cpp_cs_working\RezStrafe_cpp-v9.0-master\src\RezStrafe-cpp\Debug\link.2592.read.1.tlog
C:\rezstrafes\rezstrafe_cpp_cs_working\RezStrafe_cpp-v9.0-master\src\RezStrafe-cpp\Debug\link.2592.write.1.tlog
C:\rezstrafes\rezstrafe_cpp_cs_working\RezStrafe_cpp-v9.0-master\src\RezStrafe-cpp\Debug\link.2920-cvtres.read.1.tlog
C:\rezstrafes\rezstrafe_cpp_cs_working\RezStrafe_cpp-v9.0-master\src\RezStrafe-cpp\Debug\link.2920-cvtres.write.1.tlog
C:\rezstrafes\rezstrafe_cpp_cs_working\RezStrafe_cpp-v9.0-master\src\RezStrafe-cpp\Debug\link.2920-rc.read.1.tlog
C:\rezstrafes\rezstrafe_cpp_cs_working\RezStrafe_cpp-v9.0-master\src\RezStrafe-cpp\Debug\link.2920-rc.write.1.tlog
C:\rezstrafes\rezstrafe_cpp_cs_working\RezStrafe_cpp-v9.0-master\src\RezStrafe-cpp\Debug\link.2920.read.1.tlog
C:\rezstrafes\rezstrafe_cpp_cs_working\RezStrafe_cpp-v9.0-master\src\RezStrafe-cpp\Debug\link.2920.write.1.tlog
C:\rezstrafes\rezstrafe_cpp_cs_working\RezStrafe_cpp-v9.0-master\src\RezStrafe-cpp\Debug\link.2932-cvtres.read.1.tlog
C:\rezstrafes\rezstrafe_cpp_cs_working\RezStrafe_cpp-v9.0-master\src\RezStrafe-cpp\Debug\link.2932-cvtres.write.1.tlog
C:\rezstrafes\rezstrafe_cpp_cs_working\RezStrafe_cpp-v9.0-master\src\RezStrafe-cpp\Debug\link.2932-rc.read.1.tlog
C:\rezstrafes\rezstrafe_cpp_cs_working\RezStrafe_cpp-v9.0-master\src\RezStrafe-cpp\Debug\link.2932-rc.write.1.tlog
C:\rezstrafes\rezstrafe_cpp_cs_working\RezStrafe_cpp-v9.0-master\src\RezStrafe-cpp\Debug\link.2932.read.1.tlog
C:\rezstrafes\rezstrafe_cpp_cs_working\RezStrafe_cpp-v9.0-master\src\RezStrafe-cpp\Debug\link.2932.write.1.tlog
C:\rezstrafes\rezstrafe_cpp_cs_working\RezStrafe_cpp-v9.0-master\src\RezStrafe-cpp\Debug\link.3156-cvtres.read.1.tlog
C:\rezstrafes\rezstrafe_cpp_cs_working\RezStrafe_cpp-v9.0-master\src\RezStrafe-cpp\Debug\link.3156-cvtres.write.1.tlog
C:\rezstrafes\rezstrafe_cpp_cs_working\RezStrafe_cpp-v9.0-master\src\RezStrafe-cpp\Debug\link.3156-rc.read.1.tlog
C:\rezstrafes\rezstrafe_cpp_cs_working\RezStrafe_cpp-v9.0-master\src\RezStrafe-cpp\Debug\link.3156-rc.write.1.tlog
C:\rezstrafes\rezstrafe_cpp_cs_working\RezStrafe_cpp-v9.0-master\src\RezStrafe-cpp\Debug\link.3156.read.1.tlog
C:\rezstrafes\rezstrafe_cpp_cs_working\RezStrafe_cpp-v9.0-master\src\RezStrafe-cpp\Debug\link.3156.write.1.tlog
C:\rezstrafes\rezstrafe_cpp_cs_working\RezStrafe_cpp-v9.0-master\src\RezStrafe-cpp\Debug\link.3356-cvtres.read.1.tlog
C:\rezstrafes\rezstrafe_cpp_cs_working\RezStrafe_cpp-v9.0-master\src\RezStrafe-cpp\Debug\link.3356-cvtres.write.1.tlog
C:\rezstrafes\rezstrafe_cpp_cs_working\RezStrafe_cpp-v9.0-master\src\RezStrafe-cpp\Debug\link.3356-rc.read.1.tlog
C:\rezstrafes\rezstrafe_cpp_cs_working\RezStrafe_cpp-v9.0-master\src\RezStrafe-cpp\Debug\link.3356-rc.write.1.tlog
C:\rezstrafes\rezstrafe_cpp_cs_working\RezStrafe_cpp-v9.0-master\src\RezStrafe-cpp\Debug\link.3356.read.1.tlog
C:\rezstrafes\rezstrafe_cpp_cs_working\RezStrafe_cpp-v9.0-master\src\RezStrafe-cpp\Debug\link.3356.write.1.tlog
C:\rezstrafes\rezstrafe_cpp_cs_working\RezStrafe_cpp-v9.0-master\src\RezStrafe-cpp\Debug\link.3744-cvtres.read.1.tlog
C:\rezstrafes\rezstrafe_cpp_cs_working\RezStrafe_cpp-v9.0-master\src\RezStrafe-cpp\Debug\link.3744-cvtres.write.1.tlog
C:\rezstrafes\rezstrafe_cpp_cs_working\RezStrafe_cpp-v9.0-master\src\RezStrafe-cpp\Debug\link.3744-rc.read.1.tlog
C:\rezstrafes\rezstrafe_cpp_cs_working\RezStrafe_cpp-v9.0-master\src\RezStrafe-cpp\Debug\link.3744-rc.write.1.tlog
C:\rezstrafes\rezstrafe_cpp_cs_working\RezStrafe_cpp-v9.0-master\src\RezStrafe-cpp\Debug\link.3744.read.1.tlog
C:\rezstrafes\rezstrafe_cpp_cs_working\RezStrafe_cpp-v9.0-master\src\RezStrafe-cpp\Debug\link.3744.write.1.tlog
C:\rezstrafes\rezstrafe_cpp_cs_working\RezStrafe_cpp-v9.0-master\src\RezStrafe-cpp\Debug\link.3768-cvtres.read.1.tlog
C:\rezstrafes\rezstrafe_cpp_cs_working\RezStrafe_cpp-v9.0-master\src\RezStrafe-cpp\Debug\link.3768-cvtres.write.1.tlog
C:\rezstrafes\rezstrafe_cpp_cs_working\RezStrafe_cpp-v9.0-master\src\RezStrafe-cpp\Debug\link.3768-rc.read.1.tlog
C:\rezstrafes\rezstrafe_cpp_cs_working\RezStrafe_cpp-v9.0-master\src\RezStrafe-cpp\Debug\link.3768-rc.write.1.tlog
C:\rezstrafes\rezstrafe_cpp_cs_working\RezStrafe_cpp-v9.0-master\src\RezStrafe-cpp\Debug\link.3768.read.1.tlog
C:\rezstrafes\rezstrafe_cpp_cs_working\RezStrafe_cpp-v9.0-master\src\RezStrafe-cpp\Debug\link.3768.write.1.tlog
C:\rezstrafes\rezstrafe_cpp_cs_working\RezStrafe_cpp-v9.0-master\src\RezStrafe-cpp\Debug\link.3832-cvtres.read.1.tlog
C:\rezstrafes\rezstrafe_cpp_cs_working\RezStrafe_cpp-v9.0-master\src\RezStrafe-cpp\Debug\link.3832-cvtres.write.1.tlog
C:\rezstrafes\rezstrafe_cpp_cs_working\RezStrafe_cpp-v9.0-master\src\RezStrafe-cpp\Debug\link.3832-rc.read.1.tlog
C:\rezstrafes\rezstrafe_cpp_cs_working\RezStrafe_cpp-v9.0-master\src\RezStrafe-cpp\Debug\link.3832-rc.write.1.tlog
C:\rezstrafes\rezstrafe_cpp_cs_working\RezStrafe_cpp-v9.0-master\src\RezStrafe-cpp\Debug\link.3832.read.1.tlog
C:\rezstrafes\rezstrafe_cpp_cs_working\RezStrafe_cpp-v9.0-master\src\RezStrafe-cpp\Debug\link.3832.write.1.tlog
C:\rezstrafes\rezstrafe_cpp_cs_working\RezStrafe_cpp-v9.0-master\src\RezStrafe-cpp\Debug\link.3848-cvtres.read.1.tlog
C:\rezstrafes\rezstrafe_cpp_cs_working\RezStrafe_cpp-v9.0-master\src\RezStrafe-cpp\Debug\link.3848-cvtres.write.1.tlog
C:\rezstrafes\rezstrafe_cpp_cs_working\RezStrafe_cpp-v9.0-master\src\RezStrafe-cpp\Debug\link.3848-rc.read.1.tlog
C:\rezstrafes\rezstrafe_cpp_cs_working\RezStrafe_cpp-v9.0-master\src\RezStrafe-cpp\Debug\link.3848-rc.write.1.tlog
C:\rezstrafes\rezstrafe_cpp_cs_working\RezStrafe_cpp-v9.0-master\src\RezStrafe-cpp\Debug\link.3848.read.1.tlog
C:\rezstrafes\rezstrafe_cpp_cs_working\RezStrafe_cpp-v9.0-master\src\RezStrafe-cpp\Debug\link.3848.write.1.tlog
C:\rezstrafes\rezstrafe_cpp_cs_working\RezStrafe_cpp-v9.0-master\src\RezStrafe-cpp\Debug\link.4004-cvtres.read.1.tlog
C:\rezstrafes\rezstrafe_cpp_cs_working\RezStrafe_cpp-v9.0-master\src\RezStrafe-cpp\Debug\link.4004-cvtres.write.1.tlog
C:\rezstrafes\rezstrafe_cpp_cs_working\RezStrafe_cpp-v9.0-master\src\RezStrafe-cpp\Debug\link.4004-rc.read.1.tlog
C:\rezstrafes\rezstrafe_cpp_cs_working\RezStrafe_cpp-v9.0-master\src\RezStrafe-cpp\Debug\link.4004-rc.write.1.tlog
C:\rezstrafes\rezstrafe_cpp_cs_working\RezStrafe_cpp-v9.0-master\src\RezStrafe-cpp\Debug\link.4004.read.1.tlog
C:\rezstrafes\rezstrafe_cpp_cs_working\RezStrafe_cpp-v9.0-master\src\RezStrafe-cpp\Debug\link.4004.write.1.tlog
C:\rezstrafes\rezstrafe_cpp_cs_working\RezStrafe_cpp-v9.0-master\src\RezStrafe-cpp\Debug\link.4048-cvtres.read.1.tlog
C:\rezstrafes\rezstrafe_cpp_cs_working\RezStrafe_cpp-v9.0-master\src\RezStrafe-cpp\Debug\link.4048-cvtres.write.1.tlog
C:\rezstrafes\rezstrafe_cpp_cs_working\RezStrafe_cpp-v9.0-master\src\RezStrafe-cpp\Debug\link.4048-rc.read.1.tlog
C:\rezstrafes\rezstrafe_cpp_cs_working\RezStrafe_cpp-v9.0-master\src\RezStrafe-cpp\Debug\link.4048-rc.write.1.tlog
C:\rezstrafes\rezstrafe_cpp_cs_working\RezStrafe_cpp-v9.0-master\src\RezStrafe-cpp\Debug\link.4048.read.1.tlog
C:\rezstrafes\rezstrafe_cpp_cs_working\RezStrafe_cpp-v9.0-master\src\RezStrafe-cpp\Debug\link.4048.write.1.tlog
C:\rezstrafes\rezstrafe_cpp_cs_working\RezStrafe_cpp-v9.0-master\src\RezStrafe-cpp\Debug\link.628-cvtres.read.1.tlog
C:\rezstrafes\rezstrafe_cpp_cs_working\RezStrafe_cpp-v9.0-master\src\RezStrafe-cpp\Debug\link.628-cvtres.write.1.tlog
C:\rezstrafes\rezstrafe_cpp_cs_working\RezStrafe_cpp-v9.0-master\src\RezStrafe-cpp\Debug\link.628-rc.read.1.tlog
C:\rezstrafes\rezstrafe_cpp_cs_working\RezStrafe_cpp-v9.0-master\src\RezStrafe-cpp\Debug\link.628-rc.write.1.tlog
C:\rezstrafes\rezstrafe_cpp_cs_working\RezStrafe_cpp-v9.0-master\src\RezStrafe-cpp\Debug\link.628.read.1.tlog
C:\rezstrafes\rezstrafe_cpp_cs_working\RezStrafe_cpp-v9.0-master\src\RezStrafe-cpp\Debug\link.628.write.1.tlog
C:\rezstrafes\rezstrafe_cpp_cs_working\RezStrafe_cpp-v9.0-master\src\RezStrafe-cpp\Debug\link.668-cvtres.read.1.tlog
C:\rezstrafes\rezstrafe_cpp_cs_working\RezStrafe_cpp-v9.0-master\src\RezStrafe-cpp\Debug\link.668-cvtres.write.1.tlog
C:\rezstrafes\rezstrafe_cpp_cs_working\RezStrafe_cpp-v9.0-master\src\RezStrafe-cpp\Debug\link.668-rc.read.1.tlog
C:\rezstrafes\rezstrafe_cpp_cs_working\RezStrafe_cpp-v9.0-master\src\RezStrafe-cpp\Debug\link.668-rc.write.1.tlog
C:\rezstrafes\rezstrafe_cpp_cs_working\RezStrafe_cpp-v9.0-master\src\RezStrafe-cpp\Debug\link.668.read.1.tlog
C:\rezstrafes\rezstrafe_cpp_cs_working\RezStrafe_cpp-v9.0-master\src\RezStrafe-cpp\Debug\link.668.write.1.tlog
C:\rezstrafes\rezstrafe_cpp_cs_working\RezStrafe_cpp-v9.0-master\src\RezStrafe-cpp\Debug\link.684-cvtres.read.1.tlog
C:\rezstrafes\rezstrafe_cpp_cs_working\RezStrafe_cpp-v9.0-master\src\RezStrafe-cpp\Debug\link.684-cvtres.write.1.tlog
C:\rezstrafes\rezstrafe_cpp_cs_working\RezStrafe_cpp-v9.0-master\src\RezStrafe-cpp\Debug\link.684-rc.read.1.tlog
C:\rezstrafes\rezstrafe_cpp_cs_working\RezStrafe_cpp-v9.0-master\src\RezStrafe-cpp\Debug\link.684-rc.write.1.tlog
C:\rezstrafes\rezstrafe_cpp_cs_working\RezStrafe_cpp-v9.0-master\src\RezStrafe-cpp\Debug\link.684.read.1.tlog
C:\rezstrafes\rezstrafe_cpp_cs_working\RezStrafe_cpp-v9.0-master\src\RezStrafe-cpp\Debug\link.684.write.1.tlog
C:\rezstrafes\rezstrafe_cpp_cs_working\RezStrafe_cpp-v9.0-master\src\RezStrafe-cpp\Debug\link.964-cvtres.read.1.tlog
C:\rezstrafes\rezstrafe_cpp_cs_working\RezStrafe_cpp-v9.0-master\src\RezStrafe-cpp\Debug\link.964-cvtres.write.1.tlog
C:\rezstrafes\rezstrafe_cpp_cs_working\RezStrafe_cpp-v9.0-master\src\RezStrafe-cpp\Debug\link.964-rc.read.1.tlog
C:\rezstrafes\rezstrafe_cpp_cs_working\RezStrafe_cpp-v9.0-master\src\RezStrafe-cpp\Debug\link.964-rc.write.1.tlog
C:\rezstrafes\rezstrafe_cpp_cs_working\RezStrafe_cpp-v9.0-master\src\RezStrafe-cpp\Debug\link.964.read.1.tlog
C:\rezstrafes\rezstrafe_cpp_cs_working\RezStrafe_cpp-v9.0-master\src\RezStrafe-cpp\Debug\link.964.write.1.tlog
C:\rezstrafes\rezstrafe_cpp_cs_working\RezStrafe_cpp-v9.0-master\src\RezStrafe-cpp\Debug\link.command.1.tlog
C:\rezstrafes\rezstrafe_cpp_cs_working\RezStrafe_cpp-v9.0-master\src\RezStrafe-cpp\Debug\link.read.1.tlog
C:\rezstrafes\rezstrafe_cpp_cs_working\RezStrafe_cpp-v9.0-master\src\RezStrafe-cpp\Debug\link.write.1.tlog
C:\rezstrafes\rezstrafe_cpp_cs_working\RezStrafe_cpp-v9.0-master\src\RezStrafe-cpp\Debug\metagen.read.1.tlog
C:\rezstrafes\rezstrafe_cpp_cs_working\RezStrafe_cpp-v9.0-master\src\RezStrafe-cpp\Debug\metagen.write.1.tlog
C:\rezstrafes\rezstrafe_cpp_cs_working\RezStrafe_cpp-v9.0-master\src\RezStrafe-cpp\Debug\rc.command.1.tlog
C:\rezstrafes\rezstrafe_cpp_cs_working\RezStrafe_cpp-v9.0-master\src\RezStrafe-cpp\Debug\rc.read.1.tlog
C:\rezstrafes\rezstrafe_cpp_cs_working\RezStrafe_cpp-v9.0-master\src\RezStrafe-cpp\Debug\rc.write.1.tlog
C:\rezstrafes\rezstrafe_cpp_cs_working\RezStrafe_cpp-v9.0-master\src\RezStrafe-cpp\Debug\RezStrafe-cpp.write.1.tlog
C:\rezstrafes\rezstrafe_cpp_cs_working\RezStrafe_cpp-v9.0-master\src\RezStrafe-cpp\Debug\Resource.res
C:\rezstrafes\rezstrafe_cpp_cs_working\RezStrafe_cpp-v9.0-master\src\RezStrafe-cpp\Debug\vc110.pdb
C:\rezstrafes\rezstrafe_cpp_cs_working\RezStrafe_cpp-v9.0-master\src\RezStrafe-cpp\Debug\RSAENH.DLL.bi
C:\rezstrafes\rezstrafe_cpp_cs_working\RezStrafe_cpp-v9.0-master\src\RezStrafe-cpp\Debug\TZRES.DLL.bi
C:\rezstrafes\rezstrafe_cpp_cs_working\RezStrafe_cpp-v9.0-master\src\Debug\RezStrafe-cpp.pdb
C:\rezstrafes\rezstrafe_cpp_cs_working\RezStrafe_cpp-v9.0-master\src\Debug\RezStrafe-cpp.exe
C:\rezstrafes\rezstrafe_cpp_cs_working\RezStrafe_cpp-v9.0-master\src\Debug\RezStrafe-cpp.ilk
